2025.03.12-11:52:45 [ot.algoritmi.__call__ - 193][INFO] - Eseguo algoritmo cv2.calcOpticalFlowFarneback
2025.03.12-11:52:45 [ot.algoritmi.__call__ - 194][DEBUG] - reference.shape = (130, 90), reference.image.dtype = dtype('int32')
2025.03.12-11:52:45 [ot.algoritmi.__call__ - 195][DEBUG] - target.shape = (130, 90), target.image.dtype = dtype('int32')
2025.03.12-11:52:45 [ot.algoritmi.__call__ - 209][DEBUG] - Tipo output: float32
2025.03.12-11:52:45 [ot.algoritmi.__call__ - 210][DEBUG] - Shape output: (130, 90)
2025.03.12-11:52:45 [ot.algoritmi.__call__ - 234][INFO] - Eseguo algoritmo skimage.registration.optical_flow_ilk
2025.03.12-11:52:45 [ot.algoritmi.__call__ - 235][DEBUG] - reference.shape = (130, 90), reference.image.dtype = dtype('int32')
2025.03.12-11:52:45 [ot.algoritmi.__call__ - 236][DEBUG] - target.shape = (130, 90), target.image.dtype = dtype('int32')
2025.03.12-11:52:45 [ot.algoritmi.__call__ - 273][INFO] - Eseguo algoritmo skimage.registration.optical_flow_tvl1
2025.03.12-11:52:45 [ot.algoritmi.__call__ - 274][DEBUG] - reference.image.shape = (130, 90, 1), reference.image.dtype = dtype('int32')
2025.03.12-11:52:45 [ot.algoritmi.__call__ - 275][DEBUG] - target.image.shape = (130, 90, 1), target.image.dtype = dtype('int32')
2025.03.12-11:52:45 [ot.algoritmi.xcorr_to_frame - 101][INFO] - Eseguo algoritmo skimage.registration.phase_cross_correlation
2025.03.12-11:52:45 [ot.algoritmi.xcorr_to_frame - 102][DEBUG] - ref.shape = (130, 90), ref.image.dtype = dtype('int32')
2025.03.12-11:52:45 [ot.algoritmi.xcorr_to_frame - 103][DEBUG] - tar.shape = (130, 90), tar.image.dtype = dtype('int32')
2025.03.12-11:52:45 [ot.algoritmi.__call__ - 193][INFO] - Eseguo algoritmo cv2.calcOpticalFlowFarneback
2025.03.12-11:52:45 [ot.algoritmi.__call__ - 194][DEBUG] - reference.shape = (130, 90), reference.image.dtype = dtype('float64')
2025.03.12-11:52:45 [ot.algoritmi.__call__ - 195][DEBUG] - target.shape = (130, 90), target.image.dtype = dtype('float64')
2025.03.12-11:52:45 [ot.algoritmi.__call__ - 209][DEBUG] - Tipo output: float32
2025.03.12-11:52:45 [ot.algoritmi.__call__ - 210][DEBUG] - Shape output: (130, 90)
2025.03.12-11:52:45 [ot.algoritmi.__call__ - 234][INFO] - Eseguo algoritmo skimage.registration.optical_flow_ilk
2025.03.12-11:52:45 [ot.algoritmi.__call__ - 235][DEBUG] - reference.shape = (130, 90), reference.image.dtype = dtype('float64')
2025.03.12-11:52:45 [ot.algoritmi.__call__ - 236][DEBUG] - target.shape = (130, 90), target.image.dtype = dtype('float64')
2025.03.12-11:52:45 [ot.algoritmi.__call__ - 273][INFO] - Eseguo algoritmo skimage.registration.optical_flow_tvl1
2025.03.12-11:52:45 [ot.algoritmi.__call__ - 274][DEBUG] - reference.image.shape = (130, 90, 1), reference.image.dtype = dtype('float64')
2025.03.12-11:52:45 [ot.algoritmi.__call__ - 275][DEBUG] - target.image.shape = (130, 90, 1), target.image.dtype = dtype('float64')
2025.03.12-11:52:45 [ot.algoritmi.xcorr_to_frame - 101][INFO] - Eseguo algoritmo skimage.registration.phase_cross_correlation
2025.03.12-11:52:45 [ot.algoritmi.xcorr_to_frame - 102][DEBUG] - ref.shape = (130, 90), ref.image.dtype = dtype('float64')
2025.03.12-11:52:45 [ot.algoritmi.xcorr_to_frame - 103][DEBUG] - tar.shape = (130, 90), tar.image.dtype = dtype('float64')
2025.03.12-11:52:54 [ot.algoritmi.__call__ - 193][INFO] - Eseguo algoritmo cv2.calcOpticalFlowFarneback
2025.03.12-11:52:54 [ot.algoritmi.__call__ - 194][DEBUG] - reference.shape = (130, 90), reference.image.dtype = dtype('int32')
2025.03.12-11:52:54 [ot.algoritmi.__call__ - 195][DEBUG] - target.shape = (130, 90), target.image.dtype = dtype('int32')
2025.03.12-11:52:54 [ot.algoritmi.__call__ - 209][DEBUG] - Tipo output: float32
2025.03.12-11:52:54 [ot.algoritmi.__call__ - 210][DEBUG] - Shape output: (130, 90)
2025.03.12-11:52:54 [ot.algoritmi.__call__ - 234][INFO] - Eseguo algoritmo skimage.registration.optical_flow_ilk
2025.03.12-11:52:54 [ot.algoritmi.__call__ - 235][DEBUG] - reference.shape = (130, 90), reference.image.dtype = dtype('int32')
2025.03.12-11:52:54 [ot.algoritmi.__call__ - 236][DEBUG] - target.shape = (130, 90), target.image.dtype = dtype('int32')
2025.03.12-11:52:54 [ot.algoritmi.__call__ - 273][INFO] - Eseguo algoritmo skimage.registration.optical_flow_tvl1
2025.03.12-11:52:54 [ot.algoritmi.__call__ - 274][DEBUG] - reference.image.shape = (130, 90, 1), reference.image.dtype = dtype('int32')
2025.03.12-11:52:54 [ot.algoritmi.__call__ - 275][DEBUG] - target.image.shape = (130, 90, 1), target.image.dtype = dtype('int32')
2025.03.12-11:52:54 [ot.algoritmi.xcorr_to_frame - 101][INFO] - Eseguo algoritmo skimage.registration.phase_cross_correlation
2025.03.12-11:52:54 [ot.algoritmi.xcorr_to_frame - 102][DEBUG] - ref.shape = (130, 90), ref.image.dtype = dtype('int32')
2025.03.12-11:52:54 [ot.algoritmi.xcorr_to_frame - 103][DEBUG] - tar.shape = (130, 90), tar.image.dtype = dtype('int32')
2025.03.12-11:52:54 [ot.algoritmi.__call__ - 193][INFO] - Eseguo algoritmo cv2.calcOpticalFlowFarneback
2025.03.12-11:52:54 [ot.algoritmi.__call__ - 194][DEBUG] - reference.shape = (130, 90), reference.image.dtype = dtype('float64')
2025.03.12-11:52:54 [ot.algoritmi.__call__ - 195][DEBUG] - target.shape = (130, 90), target.image.dtype = dtype('float64')
2025.03.12-11:52:54 [ot.algoritmi.__call__ - 209][DEBUG] - Tipo output: float32
2025.03.12-11:52:54 [ot.algoritmi.__call__ - 210][DEBUG] - Shape output: (130, 90)
2025.03.12-11:52:54 [ot.algoritmi.__call__ - 234][INFO] - Eseguo algoritmo skimage.registration.optical_flow_ilk
2025.03.12-11:52:54 [ot.algoritmi.__call__ - 235][DEBUG] - reference.shape = (130, 90), reference.image.dtype = dtype('float64')
2025.03.12-11:52:54 [ot.algoritmi.__call__ - 236][DEBUG] - target.shape = (130, 90), target.image.dtype = dtype('float64')
2025.03.12-11:52:54 [ot.algoritmi.__call__ - 273][INFO] - Eseguo algoritmo skimage.registration.optical_flow_tvl1
2025.03.12-11:52:54 [ot.algoritmi.__call__ - 274][DEBUG] - reference.image.shape = (130, 90, 1), reference.image.dtype = dtype('float64')
2025.03.12-11:52:54 [ot.algoritmi.__call__ - 275][DEBUG] - target.image.shape = (130, 90, 1), target.image.dtype = dtype('float64')
2025.03.12-11:52:54 [ot.algoritmi.xcorr_to_frame - 101][INFO] - Eseguo algoritmo skimage.registration.phase_cross_correlation
2025.03.12-11:52:54 [ot.algoritmi.xcorr_to_frame - 102][DEBUG] - ref.shape = (130, 90), ref.image.dtype = dtype('float64')
2025.03.12-11:52:54 [ot.algoritmi.xcorr_to_frame - 103][DEBUG] - tar.shape = (130, 90), tar.image.dtype = dtype('float64')
2025.03.12-11:54:15 [ot.algoritmi.__call__ - 193][INFO] - Eseguo algoritmo cv2.calcOpticalFlowFarneback
2025.03.12-11:54:15 [ot.algoritmi.__call__ - 194][DEBUG] - reference.shape = (500, 500), reference.image.dtype = dtype('int32')
2025.03.12-11:54:15 [ot.algoritmi.__call__ - 195][DEBUG] - target.shape = (500, 500), target.image.dtype = dtype('int32')
2025.03.12-11:54:15 [ot.algoritmi.__call__ - 209][DEBUG] - Tipo output: float32
2025.03.12-11:54:15 [ot.algoritmi.__call__ - 210][DEBUG] - Shape output: (500, 500)
2025.03.12-11:54:15 [ot.algoritmi.__call__ - 234][INFO] - Eseguo algoritmo skimage.registration.optical_flow_ilk
2025.03.12-11:54:15 [ot.algoritmi.__call__ - 235][DEBUG] - reference.shape = (500, 500), reference.image.dtype = dtype('int32')
2025.03.12-11:54:15 [ot.algoritmi.__call__ - 236][DEBUG] - target.shape = (500, 500), target.image.dtype = dtype('int32')
2025.03.12-11:54:15 [ot.algoritmi.__call__ - 273][INFO] - Eseguo algoritmo skimage.registration.optical_flow_tvl1
2025.03.12-11:54:15 [ot.algoritmi.__call__ - 274][DEBUG] - reference.image.shape = (500, 500, 1), reference.image.dtype = dtype('int32')
2025.03.12-11:54:15 [ot.algoritmi.__call__ - 275][DEBUG] - target.image.shape = (500, 500, 1), target.image.dtype = dtype('int32')
2025.03.12-11:54:15 [ot.algoritmi.xcorr_to_frame - 101][INFO] - Eseguo algoritmo skimage.registration.phase_cross_correlation
2025.03.12-11:54:15 [ot.algoritmi.xcorr_to_frame - 102][DEBUG] - ref.shape = (500, 500), ref.image.dtype = dtype('int32')
2025.03.12-11:54:15 [ot.algoritmi.xcorr_to_frame - 103][DEBUG] - tar.shape = (500, 500), tar.image.dtype = dtype('int32')
2025.03.12-11:54:15 [ot.algoritmi.__call__ - 193][INFO] - Eseguo algoritmo cv2.calcOpticalFlowFarneback
2025.03.12-11:54:15 [ot.algoritmi.__call__ - 194][DEBUG] - reference.shape = (500, 500), reference.image.dtype = dtype('float64')
2025.03.12-11:54:15 [ot.algoritmi.__call__ - 195][DEBUG] - target.shape = (500, 500), target.image.dtype = dtype('float64')
2025.03.12-11:54:15 [ot.algoritmi.__call__ - 209][DEBUG] - Tipo output: float32
2025.03.12-11:54:15 [ot.algoritmi.__call__ - 210][DEBUG] - Shape output: (500, 500)
2025.03.12-11:54:15 [ot.algoritmi.__call__ - 234][INFO] - Eseguo algoritmo skimage.registration.optical_flow_ilk
2025.03.12-11:54:15 [ot.algoritmi.__call__ - 235][DEBUG] - reference.shape = (500, 500), reference.image.dtype = dtype('float64')
2025.03.12-11:54:15 [ot.algoritmi.__call__ - 236][DEBUG] - target.shape = (500, 500), target.image.dtype = dtype('float64')
2025.03.12-11:54:15 [ot.algoritmi.__call__ - 273][INFO] - Eseguo algoritmo skimage.registration.optical_flow_tvl1
2025.03.12-11:54:15 [ot.algoritmi.__call__ - 274][DEBUG] - reference.image.shape = (500, 500, 1), reference.image.dtype = dtype('float64')
2025.03.12-11:54:15 [ot.algoritmi.__call__ - 275][DEBUG] - target.image.shape = (500, 500, 1), target.image.dtype = dtype('float64')
2025.03.12-11:54:15 [ot.algoritmi.xcorr_to_frame - 101][INFO] - Eseguo algoritmo skimage.registration.phase_cross_correlation
2025.03.12-11:54:15 [ot.algoritmi.xcorr_to_frame - 102][DEBUG] - ref.shape = (500, 500), ref.image.dtype = dtype('float64')
2025.03.12-11:54:15 [ot.algoritmi.xcorr_to_frame - 103][DEBUG] - tar.shape = (500, 500), tar.image.dtype = dtype('float64')
